<?xml version="1.0" encoding="UTF-8"?>
<!-- Generated by org.testng.reporters.JUnitReportReporter -->
<testsuite skipped="0" hostname="lenovo" name="testNG.Maven.ValidateTeam.ValidateTeamExample" tests="1" failures="0" timestamp="2022-09-14T17:05:20 IST" time="0.020" errors="0">
  <testcase name="exampleOfTestNgMaven" time="0.020" classname="testNG.Maven.ValidateTeam.ValidateTeamExample"/>
  <system-out/>
</testsuite> <!-- testNG.Maven.ValidateTeam.ValidateTeamExample -->
