<?xml version="1.0" encoding="UTF-8"?>
<!-- Generated by org.testng.reporters.JUnitReportReporter -->
<testsuite skipped="0" hostname="DESKTOP-VGU5P9Q" name="Module1_Login_Test.kiteLoginTest" tests="1" failures="0" timestamp="2022-07-16T08:57:15 IST" time="1.588" errors="0">
  <testcase name="verifyUserID" time="1.588" classname="Module1_Login_Test.kiteLoginTest"/>
  <system-out/>
</testsuite> <!-- Module1_Login_Test.kiteLoginTest -->
